<?xml version="1.0" encoding="UTF-8"?>
<testsuite xmlns:xsi="http://www.w3.org/2001/XMLSchema-instance" xsi:noNamespaceSchemaLocation="https://maven.apache.org/surefire/maven-surefire-plugin/xsd/surefire-test-report.xsd" name="TestSuite" time="39.635" tests="12" errors="0" skipped="0" failures="4">
  <properties>
[...]
</properties>
  <testcase name="verifySuccessfulLogin" classname="com.aff.webTest.LoginTest" time="5.589"/>
  <testcase name="verifyResponseBody" classname="com.aff.restAssuredTest.RestAssuredTests" time="0.902">
    <failure message="Cannot deserialize instance of `com.aff.apimodel.User[]` out of START_OBJECT token&#10; at [Source: (String)&quot;{}&quot;; line: 1, column: 1]" type="com.fasterxml.jackson.databind.exc.MismatchedInputException">com.fasterxml.jackson.databind.exc.MismatchedInputException: 
Cannot deserialize instance of `com.aff.apimodel.User[]` out of START_OBJECT token
 at [Source: (String)"{}"; line: 1, column: 1]
	at com.aff.restAssuredTest.RestAssuredTests.verifyResponseBody(RestAssuredTests.java:33)
</failure>
    <system-out><![CDATA[in base tes setup
base url in setup ishttp://jsonplaceholder.typicode.com
uri in setup is/users
]]></system-out>
  </testcase>
  <testcase name="verifyResponseHeader" classname="com.aff.restAssuredTest.RestAssuredTests" time="0.002"/>
  <testcase name="verifyStatusCode" classname="com.aff.restAssuredTest.RestAssuredTests" time="0.002">
    <failure message="Expected response status code is :200 Actual status code is 404 expected [200] but found [404]" type="java.lang.AssertionError">java.lang.AssertionError: Expected response status code is :200 Actual status code is 404 expected [200] but found [404]
	at com.aff.restAssuredTest.RestAssuredTests.verifyStatusCode(RestAssuredTests.java:20)
</failure>
  </testcase>
  <testcase name="runScenario" classname="com.aff.testRunner.TestRunner" time="7.935"/>
  <testcase name="runScenario" classname="com.aff.testRunner.TestRunner" time="9.783"/>
  <testcase name="runScenario" classname="com.aff.testRunner.TestRunner" time="10.676"/>
  <testcase name="runScenario" classname="com.aff.testRunner.TestRunner" time="13.468"/>
  <testcase name="runScenario" classname="com.aff.testRunner.TestRunner" time="14.791"/>
  <testcase name="runScenario" classname="com.aff.testRunner.TestRunner" time="16.913">
    <failure message="expected [200] but found [404]" type="java.lang.AssertionError">java.lang.AssertionError: expected [200] but found [404]
</failure>
    <system-out><![CDATA[in base tes setup
base url in setup ishttp://jsonplaceholder.typicode.com
uri in setup is/users
  Given I hit the base uri with string users # stepDefinitions.BaseTest.i_hit_the_uri_with_string()
  When I get non empty response              # stepDefinitions.BaseTest.i_get_non_empty_response()
  Then I verify status code is 200           # stepDefinitions.BaseTest.i_verify_status_code_is(java.lang.Integer)
      java.lang.AssertionError: expected [200] but found [404]
	at org.testng.Assert.fail(Assert.java:96)
	at org.testng.Assert.failNotEquals(Assert.java:776)
	at org.testng.Assert.assertEqualsImpl(Assert.java:137)
	at org.testng.Assert.assertEquals(Assert.java:118)
	at org.testng.Assert.assertEquals(Assert.java:652)
	at org.testng.Assert.assertEquals(Assert.java:662)
	at com.aff.baseapi.BaseTestApi.verifyResponeStatusCode(BaseTestApi.java:61)
	at stepDefinitions.BaseTest.i_verify_status_code_is(BaseTest.java:30)
	at âœ½.I verify status code is 200(file:///D:/oneFramework/automation/src/test/resources/features/apiTest.feature:6)

]]></system-out>
  </testcase>
  <testcase name="runScenario" classname="com.aff.testRunner.TestRunner" time="19.586"/>
  <testcase name="tearDownClass" classname="com.aff.testRunner.TestRunner" time="20.593">
    <failure message="Unable to make field private java.lang.String java.lang.Throwable.detailMessage accessible: module java.base does not &quot;opens java.lang&quot; to unnamed module @3c22fc4c" type="java.lang.reflect.InaccessibleObjectException">java.lang.reflect.InaccessibleObjectException: Unable to make field private java.lang.String java.lang.Throwable.detailMessage accessible: module java.base does not "opens java.lang" to unnamed module @3c22fc4c
</failure>
  </testcase>
</testsuite>